Connecting to database specified by database.yml
  [1m[36m (364.8ms)[0m  [1mCREATE TABLE `schema_migrations` (`version` varchar(255) NOT NULL) ENGINE=InnoDB[0m
  [1m[35m (3.1ms)[0m  SHOW KEYS FROM `schema_migrations`
  [1m[36m (476.4ms)[0m  [1mCREATE UNIQUE INDEX `unique_schema_migrations` ON `schema_migrations` (`version`)[0m
Connecting to database specified by database.yml
Connecting to database specified by database.yml
Connecting to database specified by database.yml
  [1m[36m (0.4ms)[0m  [1mCREATE TABLE `admins` (`id` int(11) DEFAULT NULL auto_increment PRIMARY KEY, `email` varchar(255) DEFAULT '' NOT NULL, `encrypted_password` varchar(255) DEFAULT '' NOT NULL, `reset_password_token` varchar(255), `reset_password_sent_at` datetime, `remember_created_at` datetime, `sign_in_count` int(11) DEFAULT 0, `current_sign_in_at` datetime, `last_sign_in_at` datetime, `current_sign_in_ip` varchar(255), `last_sign_in_ip` varchar(255), `created_at` datetime NOT NULL, `updated_at` datetime NOT NULL, `roles` text, `name` varchar(255)) ENGINE=InnoDB[0m
Mysql2::Error: All parts of a PRIMARY KEY must be NOT NULL; if you need NULL in a key, use UNIQUE instead: CREATE TABLE `admins` (`id` int(11) DEFAULT NULL auto_increment PRIMARY KEY, `email` varchar(255) DEFAULT '' NOT NULL, `encrypted_password` varchar(255) DEFAULT '' NOT NULL, `reset_password_token` varchar(255), `reset_password_sent_at` datetime, `remember_created_at` datetime, `sign_in_count` int(11) DEFAULT 0, `current_sign_in_at` datetime, `last_sign_in_at` datetime, `current_sign_in_ip` varchar(255), `last_sign_in_ip` varchar(255), `created_at` datetime NOT NULL, `updated_at` datetime NOT NULL, `roles` text, `name` varchar(255)) ENGINE=InnoDB
Connecting to database specified by database.yml
  [1m[36m (0.4ms)[0m  [1mCREATE TABLE `admins` (`id` int(11) DEFAULT NULL auto_increment PRIMARY KEY, `email` varchar(255) DEFAULT '' NOT NULL, `encrypted_password` varchar(255) DEFAULT '' NOT NULL, `reset_password_token` varchar(255), `reset_password_sent_at` datetime, `remember_created_at` datetime, `sign_in_count` int(11) DEFAULT 0, `current_sign_in_at` datetime, `last_sign_in_at` datetime, `current_sign_in_ip` varchar(255), `last_sign_in_ip` varchar(255), `created_at` datetime NOT NULL, `updated_at` datetime NOT NULL, `roles` text, `name` varchar(255)) ENGINE=InnoDB[0m
Mysql2::Error: All parts of a PRIMARY KEY must be NOT NULL; if you need NULL in a key, use UNIQUE instead: CREATE TABLE `admins` (`id` int(11) DEFAULT NULL auto_increment PRIMARY KEY, `email` varchar(255) DEFAULT '' NOT NULL, `encrypted_password` varchar(255) DEFAULT '' NOT NULL, `reset_password_token` varchar(255), `reset_password_sent_at` datetime, `remember_created_at` datetime, `sign_in_count` int(11) DEFAULT 0, `current_sign_in_at` datetime, `last_sign_in_at` datetime, `current_sign_in_ip` varchar(255), `last_sign_in_ip` varchar(255), `created_at` datetime NOT NULL, `updated_at` datetime NOT NULL, `roles` text, `name` varchar(255)) ENGINE=InnoDB
Connecting to database specified by database.yml
Connecting to database specified by database.yml
Connecting to database specified by database.yml
Connecting to database specified by database.yml


Started GET "/" for 127.0.0.1 at 2017-07-01 11:29:51 +0530
Processing by TendersController#index as HTML
Redirected to http://localhost:3000/login
Filter chain halted as :authenticate_logged_in_user! rendered or redirected
Completed 302 Found in 2ms (ActiveRecord: 0.0ms)


Started GET "/login" for 127.0.0.1 at 2017-07-01 11:29:52 +0530
Processing by HomeController#login as HTML
  Rendered home/login.html.erb within layouts/application (4141.7ms)
Completed 500 Internal Server Error in 4919ms

ActionView::Template::Error (Table 'dialuck_development.customers' doesn't exist):
    15:         <p style="color:red; font-size:13px;" class='error_msg'>
    16:         </p>
    17:         <p class=clear10></p>
    18:       <% customer = Customer.new %>
    19:       <%= form_for(customer, :url => session_path(customer), :html => {:class => 'login_form'} ) do |f| %>
    20:        <% if @c_user  %>
    21:           <div class="c_user">
  app/views/home/login.html.erb:18:in `new'
  app/views/home/login.html.erb:18:in `_app_views_home_login_html_erb__692902294679001129_47007801053960'
  config/initializers/quiet_assets.rb:6:in `call_with_quiet_assets'


  Rendered /home/ongraph/.rbenv/versions/2.0.0-p481/lib/ruby/gems/2.0.0/gems/actionpack-3.2.13/lib/action_dispatch/middleware/templates/rescues/_trace.erb (1.4ms)
  Rendered /home/ongraph/.rbenv/versions/2.0.0-p481/lib/ruby/gems/2.0.0/gems/actionpack-3.2.13/lib/action_dispatch/middleware/templates/rescues/_request_and_response.erb (1.1ms)
  Rendered /home/ongraph/.rbenv/versions/2.0.0-p481/lib/ruby/gems/2.0.0/gems/actionpack-3.2.13/lib/action_dispatch/middleware/templates/rescues/template_error.erb within rescues/layout (121.1ms)
Connecting to database specified by database.yml
Connecting to database specified by database.yml
Connecting to database specified by database.yml
  [1m[36m (291.2ms)[0m  [1mCREATE TABLE "schema_migrations" ("version" character varying(255) NOT NULL) [0m
  [1m[35m (105.9ms)[0m  CREATE UNIQUE INDEX "unique_schema_migrations" ON "schema_migrations" ("version")
  [1m[36m (0.4ms)[0m  [1mSELECT "schema_migrations"."version" FROM "schema_migrations" [0m
Migrating to DeviseCreateAdmins (20130529095811)
  [1m[35m (0.2ms)[0m  BEGIN
  [1m[36m (227.1ms)[0m  [1mCREATE TABLE "admins" ("id" serial primary key, "email" character varying(255) DEFAULT '' NOT NULL, "encrypted_password" character varying(255) DEFAULT '' NOT NULL, "reset_password_token" character varying(255), "reset_password_sent_at" timestamp, "remember_created_at" timestamp, "sign_in_count" integer DEFAULT 0, "current_sign_in_at" timestamp, "last_sign_in_at" timestamp, "current_sign_in_ip" character varying(255), "last_sign_in_ip" character varying(255), "created_at" timestamp NOT NULL, "updated_at" timestamp NOT NULL) [0m
  [1m[35m (31.7ms)[0m  CREATE UNIQUE INDEX "index_admins_on_email" ON "admins" ("email")
  [1m[36m (30.9ms)[0m  [1mCREATE UNIQUE INDEX "index_admins_on_reset_password_token" ON "admins" ("reset_password_token")[0m
  [1m[35m (0.3ms)[0m  INSERT INTO "schema_migrations" ("version") VALUES ('20130529095811')
  [1m[36m (15.2ms)[0m  [1mCOMMIT[0m
Migrating to CreateRailsAdminHistoriesTable (20130529095812)
  [1m[35m (0.2ms)[0m  BEGIN
  [1m[36m (121.9ms)[0m  [1mCREATE TABLE "rails_admin_histories" ("id" serial primary key, "message" text, "username" character varying(255), "item" integer, "table" character varying(255), "month" smallint, "year" bigint, "created_at" timestamp NOT NULL, "updated_at" timestamp NOT NULL) [0m
  [1m[35m (31.7ms)[0m  CREATE INDEX "index_rails_admin_histories" ON "rails_admin_histories" ("item", "table", "month", "year")
  [1m[36m (0.2ms)[0m  [1mINSERT INTO "schema_migrations" ("version") VALUES ('20130529095812')[0m
  [1m[35m (14.8ms)[0m  COMMIT
Migrating to DeviseCreateCustomers (20130529095902)
  [1m[36m (0.2ms)[0m  [1mBEGIN[0m
  [1m[35m (117.6ms)[0m  CREATE TABLE "customers" ("id" serial primary key, "email" character varying(255) DEFAULT '' NOT NULL, "encrypted_password" character varying(255) DEFAULT '' NOT NULL, "reset_password_token" character varying(255), "reset_password_sent_at" timestamp, "remember_created_at" timestamp, "sign_in_count" integer DEFAULT 0, "current_sign_in_at" timestamp, "last_sign_in_at" timestamp, "current_sign_in_ip" character varying(255), "last_sign_in_ip" character varying(255), "created_at" timestamp NOT NULL, "updated_at" timestamp NOT NULL) 
  [1m[36m (31.9ms)[0m  [1mCREATE UNIQUE INDEX "index_customers_on_email" ON "customers" ("email")[0m
  [1m[35m (31.7ms)[0m  CREATE UNIQUE INDEX "index_customers_on_reset_password_token" ON "customers" ("reset_password_token")
  [1m[36m (0.2ms)[0m  [1mINSERT INTO "schema_migrations" ("version") VALUES ('20130529095902')[0m
  [1m[35m (14.1ms)[0m  COMMIT
Migrating to AddFieldsToCustomers (20130529120030)
  [1m[36m (0.2ms)[0m  [1mBEGIN[0m
  [1m[35m (0.3ms)[0m  ALTER TABLE "customers" ADD COLUMN "first_name" character varying(255)
  [1m[36m (0.2ms)[0m  [1mALTER TABLE "customers" ADD COLUMN "last_name" character varying(255)[0m
  [1m[35m (0.3ms)[0m  ALTER TABLE "customers" ADD COLUMN "city" character varying(255)
  [1m[36m (0.2ms)[0m  [1mALTER TABLE "customers" ADD COLUMN "address" character varying(255)[0m
  [1m[35m (0.2ms)[0m  ALTER TABLE "customers" ADD COLUMN "postal_code" character varying(255)
  [1m[36m (0.2ms)[0m  [1mALTER TABLE "customers" ADD COLUMN "phone" character varying(255)[0m
  [1m[35m (0.2ms)[0m  ALTER TABLE "customers" ADD COLUMN "status" boolean
  [1m[36m (0.2ms)[0m  [1mINSERT INTO "schema_migrations" ("version") VALUES ('20130529120030')[0m
  [1m[35m (5.7ms)[0m  COMMIT
Migrating to CreateTenders (20130531085711)
  [1m[36m (0.2ms)[0m  [1mBEGIN[0m
  [1m[35m (99.0ms)[0m  CREATE TABLE "tenders" ("id" serial primary key, "name" character varying(255), "description" text, "open_date" timestamp, "close_date" timestamp, "tender_open" boolean, "created_at" timestamp NOT NULL, "updated_at" timestamp NOT NULL) 
  [1m[36m (0.2ms)[0m  [1mINSERT INTO "schema_migrations" ("version") VALUES ('20130531085711')[0m
  [1m[35m (13.7ms)[0m  COMMIT
Migrating to CreateCustomersTendersTable (20130531090512)
  [1m[36m (0.2ms)[0m  [1mBEGIN[0m
  [1m[35m (27.6ms)[0m  CREATE TABLE "customers_tenders" ("id" serial primary key, "tender_id" integer, "customer_id" integer, "created_at" timestamp NOT NULL, "updated_at" timestamp NOT NULL) 
  [1m[36m (0.2ms)[0m  [1mINSERT INTO "schema_migrations" ("version") VALUES ('20130531090512')[0m
  [1m[35m (13.3ms)[0m  COMMIT
Migrating to AddAttachmentsColumnsToTenders (20130531093111)
  [1m[36m (0.1ms)[0m  [1mBEGIN[0m
  [1m[35m (0.6ms)[0m  ALTER TABLE "tenders" ADD COLUMN "document_file_name" character varying(255)
  [1m[36m (0.4ms)[0m  [1mALTER TABLE "tenders" ADD COLUMN "document_content_type" character varying(255)[0m
  [1m[35m (0.3ms)[0m  ALTER TABLE "tenders" ADD COLUMN "document_file_size" integer
  [1m[36m (0.3ms)[0m  [1mALTER TABLE "tenders" ADD COLUMN "document_updated_at" timestamp[0m
  [1m[35m (1.1ms)[0m  INSERT INTO "schema_migrations" ("version") VALUES ('20130531093111')
  [1m[36m (4.3ms)[0m  [1mCOMMIT[0m
Migrating to CreateNews (20130531100755)
  [1m[35m (0.2ms)[0m  BEGIN
  [1m[36m (105.8ms)[0m  [1mCREATE TABLE "news" ("id" serial primary key, "title" character varying(255), "url" text, "date" timestamp, "category" character varying(255), "description" text, "status" boolean, "created_at" timestamp NOT NULL, "updated_at" timestamp NOT NULL) [0m
  [1m[35m (0.2ms)[0m  INSERT INTO "schema_migrations" ("version") VALUES ('20130531100755')
  [1m[36m (13.4ms)[0m  [1mCOMMIT[0m
Migrating to AddSendConfirmationToTenders (20130604085817)
  [1m[35m (0.1ms)[0m  BEGIN
  [1m[36m (0.3ms)[0m  [1mALTER TABLE "tenders" ADD COLUMN "send_confirmation" boolean[0m
  [1m[35m (0.2ms)[0m  INSERT INTO "schema_migrations" ("version") VALUES ('20130604085817')
  [1m[36m (7.6ms)[0m  [1mCOMMIT[0m
Migrating to AddConfirmableToCustomers (20130605092314)
  [1m[35m (0.1ms)[0m  BEGIN
  [1m[36m (0.5ms)[0m  [1mALTER TABLE "customers" ADD COLUMN "confirmation_token" character varying(255)[0m
  [1m[35m (0.3ms)[0m  ALTER TABLE "customers" ADD COLUMN "confirmed_at" timestamp
  [1m[36m (0.3ms)[0m  [1mALTER TABLE "customers" ADD COLUMN "confirmation_sent_at" timestamp[0m
  [1m[35m (0.2ms)[0m  INSERT INTO "schema_migrations" ("version") VALUES ('20130605092314')
  [1m[36m (5.8ms)[0m  [1mCOMMIT[0m
Migrating to CreateBids (20130607113349)
  [1m[35m (0.1ms)[0m  BEGIN
  [1m[36m (72.7ms)[0m  [1mCREATE TABLE "bids" ("id" serial primary key, "amount" float, "message" text, "bid_date" timestamp, "tender_id" integer, "customer_id" integer, "created_at" timestamp NOT NULL, "updated_at" timestamp NOT NULL) [0m
  [1m[35m (0.2ms)[0m  INSERT INTO "schema_migrations" ("version") VALUES ('20130607113349')
  [1m[36m (13.0ms)[0m  [1mCOMMIT[0m
Migrating to AddFieldsToTenders (20130611095343)
  [1m[35m (0.2ms)[0m  BEGIN
  [1m[36m (0.4ms)[0m  [1mALTER TABLE "tenders" ADD COLUMN "no_of_stones" integer[0m
  [1m[35m (0.2ms)[0m  ALTER TABLE "tenders" ADD COLUMN "weight" float
  [1m[36m (0.3ms)[0m  [1mALTER TABLE "tenders" ADD COLUMN "carat" float[0m
  [1m[35m (0.3ms)[0m  ALTER TABLE "tenders" ADD COLUMN "color" character varying(255)
  [1m[36m (0.3ms)[0m  [1mALTER TABLE "tenders" ADD COLUMN "purity" float[0m
  [1m[35m (0.2ms)[0m  ALTER TABLE "tenders" ADD COLUMN "polished" boolean
  [1m[36m (0.2ms)[0m  [1mALTER TABLE "tenders" ADD COLUMN "type" character varying(255)[0m
  [1m[35m (0.3ms)[0m  ALTER TABLE "tenders" ADD COLUMN "size" character varying(255)
  [1m[36m (0.2ms)[0m  [1mINSERT INTO "schema_migrations" ("version") VALUES ('20130611095343')[0m
  [1m[35m (4.6ms)[0m  COMMIT
Migrating to CreateVestalVersions (20130617101509)
  [1m[36m (0.1ms)[0m  [1mBEGIN[0m
  [1m[35m (72.8ms)[0m  CREATE TABLE "versions" ("id" serial primary key, "versioned_id" integer, "versioned_type" character varying(255), "user_id" integer, "user_type" character varying(255), "user_name" character varying(255), "modifications" text, "number" integer, "reverted_from" integer, "tag" character varying(255), "created_at" timestamp NOT NULL, "updated_at" timestamp NOT NULL) 
  [1m[36m (31.7ms)[0m  [1mCREATE INDEX "index_versions_on_versioned_id_and_versioned_type" ON "versions" ("versioned_id", "versioned_type")[0m
  [1m[35m (31.8ms)[0m  CREATE INDEX "index_versions_on_user_id_and_user_type" ON "versions" ("user_id", "user_type")
  [1m[36m (31.2ms)[0m  [1mCREATE INDEX "index_versions_on_user_name" ON "versions" ("user_name")[0m
  [1m[35m (31.2ms)[0m  CREATE INDEX "index_versions_on_number" ON "versions" ("number")
  [1m[36m (30.6ms)[0m  [1mCREATE INDEX "index_versions_on_tag" ON "versions" ("tag")[0m
  [1m[35m (32.6ms)[0m  CREATE INDEX "index_versions_on_created_at" ON "versions" ("created_at")
  [1m[36m (0.2ms)[0m  [1mINSERT INTO "schema_migrations" ("version") VALUES ('20130617101509')[0m
  [1m[35m (104.6ms)[0m  COMMIT
Migrating to RenameTypeInTenders (20130617115508)
  [1m[36m (0.2ms)[0m  [1mBEGIN[0m
  [1m[35m (0.3ms)[0m  ALTER TABLE "tenders" RENAME COLUMN "type" TO "tender_type"
  [1m[36m (0.2ms)[0m  [1mINSERT INTO "schema_migrations" ("version") VALUES ('20130617115508')[0m
  [1m[35m (23.1ms)[0m  COMMIT
Migrating to CreateStones (20130619064337)
  [1m[36m (0.1ms)[0m  [1mBEGIN[0m
  [1m[35m (75.0ms)[0m  CREATE TABLE "stones" ("id" serial primary key, "stone_type" character varying(255), "no_of_stones" integer, "size" float, "weight" float, "carat" float, "purity" float, "color" character varying(255), "polished" boolean, "tender_id" integer, "created_at" timestamp NOT NULL, "updated_at" timestamp NOT NULL) 
  [1m[36m (0.2ms)[0m  [1mINSERT INTO "schema_migrations" ("version") VALUES ('20130619064337')[0m
  [1m[35m (10.7ms)[0m  COMMIT
Migrating to RemoveColumnsFromTenders (20130619070120)
  [1m[36m (0.4ms)[0m  [1mBEGIN[0m
  [1m[35m (24.0ms)[0m  ALTER TABLE "tenders" DROP "no_of_stones"
  [1m[36m (0.3ms)[0m  [1mALTER TABLE "tenders" DROP "weight"[0m
  [1m[35m (0.2ms)[0m  ALTER TABLE "tenders" DROP "carat"
  [1m[36m (0.2ms)[0m  [1mALTER TABLE "tenders" DROP "color"[0m
  [1m[35m (0.2ms)[0m  ALTER TABLE "tenders" DROP "purity"
  [1m[36m (0.2ms)[0m  [1mALTER TABLE "tenders" DROP "polished"[0m
  [1m[35m (0.3ms)[0m  ALTER TABLE "tenders" DROP "tender_type"
  [1m[36m (0.2ms)[0m  [1mALTER TABLE "tenders" DROP "size"[0m
  [1m[35m (0.2ms)[0m  INSERT INTO "schema_migrations" ("version") VALUES ('20130619070120')
  [1m[36m (69.7ms)[0m  [1mCOMMIT[0m
Migrating to ChangeDateTypeOfOpenDateCloseDateInTenders (20130620064322)
  [1m[35m (0.2ms)[0m  BEGIN
  [1m[36m (84.0ms)[0m  [1mALTER TABLE "tenders" ALTER COLUMN "open_date" TYPE date[0m
  [1m[35m (81.2ms)[0m  ALTER TABLE "tenders" ALTER COLUMN "close_date" TYPE date
  [1m[36m (0.2ms)[0m  [1mINSERT INTO "schema_migrations" ("version") VALUES ('20130620064322')[0m
  [1m[35m (9.8ms)[0m  COMMIT
Migrating to AddNoOfParcelsToBids (20130620092811)
  [1m[36m (0.3ms)[0m  [1mBEGIN[0m
  [1m[35m (0.4ms)[0m  ALTER TABLE "bids" ADD COLUMN "no_of_parcels" integer
  [1m[36m (0.2ms)[0m  [1mINSERT INTO "schema_migrations" ("version") VALUES ('20130620092811')[0m
  [1m[35m (25.9ms)[0m  COMMIT
Migrating to AddFieldsToStones (20130708082735)
  [1m[36m (0.1ms)[0m  [1mBEGIN[0m
  [1m[35m (0.3ms)[0m  ALTER TABLE "stones" ADD COLUMN "deec_no" integer
  [1m[36m (0.2ms)[0m  [1mALTER TABLE "stones" ADD COLUMN "lot_no" integer[0m
  [1m[35m (0.2ms)[0m  ALTER TABLE "stones" ADD COLUMN "description" text
  [1m[36m (0.2ms)[0m  [1mINSERT INTO "schema_migrations" ("version") VALUES ('20130708082735')[0m
  [1m[35m (7.0ms)[0m  COMMIT
Migrating to AddStoneIdToBids (20130709055035)
  [1m[36m (0.1ms)[0m  [1mBEGIN[0m
  [1m[35m (0.3ms)[0m  ALTER TABLE "bids" ADD COLUMN "stone_id" integer
  [1m[36m (0.2ms)[0m  [1mINSERT INTO "schema_migrations" ("version") VALUES ('20130709055035')[0m
  [1m[35m (7.8ms)[0m  COMMIT
Migrating to AddFieldsToBids (20130710053201)
  [1m[36m (0.1ms)[0m  [1mBEGIN[0m
  [1m[35m (0.3ms)[0m  ALTER TABLE "bids" RENAME COLUMN "amount" TO "total"
  [1m[36m (0.2ms)[0m  [1mALTER TABLE "bids" ADD COLUMN "price_per_carat" float[0m
  [1m[35m (0.3ms)[0m  INSERT INTO "schema_migrations" ("version") VALUES ('20130710053201')
  [1m[36m (7.9ms)[0m  [1mCOMMIT[0m
Migrating to CreateWinners (20130716053847)
  [1m[35m (0.2ms)[0m  BEGIN
  [1m[36m (31.5ms)[0m  [1mCREATE TABLE "winners" ("id" serial primary key, "tender_id" integer, "customer_id" integer, "bid_id" integer, "stone_id" integer, "created_at" timestamp NOT NULL, "updated_at" timestamp NOT NULL) [0m
  [1m[35m (0.2ms)[0m  INSERT INTO "schema_migrations" ("version") VALUES ('20130716053847')
  [1m[36m (64.5ms)[0m  [1mCOMMIT[0m
Migrating to AddTimeToOpenCloseDateTenders (20130719050520)
  [1m[35m (0.2ms)[0m  BEGIN
  [1m[36m (66.6ms)[0m  [1mALTER TABLE "tenders" ALTER COLUMN "open_date" TYPE timestamp[0m
  [1m[35m (66.3ms)[0m  ALTER TABLE "tenders" ALTER COLUMN "close_date" TYPE timestamp
  [1m[36m (0.2ms)[0m  [1mINSERT INTO "schema_migrations" ("version") VALUES ('20130719050520')[0m
  [1m[35m (8.8ms)[0m  COMMIT
Migrating to AddConfirmedToCustomersTenders (20130722102903)
  [1m[36m (0.2ms)[0m  [1mBEGIN[0m
  [1m[35m (76.9ms)[0m  ALTER TABLE "customers_tenders" ADD COLUMN "confirmed" boolean DEFAULT 'f'
  [1m[36m (0.2ms)[0m  [1mINSERT INTO "schema_migrations" ("version") VALUES ('20130722102903')[0m
  [1m[35m (8.3ms)[0m  COMMIT
Migrating to AddWinnersAttachmentToTender (20130813090612)
  [1m[36m (0.1ms)[0m  [1mBEGIN[0m
  [1m[35m (0.9ms)[0m  ALTER TABLE "tenders" ADD COLUMN "winner_list_file_name" character varying(255)
  [1m[36m (0.7ms)[0m  [1mALTER TABLE "tenders" ADD COLUMN "winner_list_content_type" character varying(255)[0m
  [1m[35m (0.5ms)[0m  ALTER TABLE "tenders" ADD COLUMN "winner_list_file_size" integer
  [1m[36m (0.3ms)[0m  [1mALTER TABLE "tenders" ADD COLUMN "winner_list_updated_at" timestamp[0m
  [1m[35m (0.2ms)[0m  INSERT INTO "schema_migrations" ("version") VALUES ('20130813090612')
  [1m[36m (13.9ms)[0m  [1mCOMMIT[0m
Migrating to CreateTenderWinners (20130816073529)
  [1m[35m (0.2ms)[0m  BEGIN
  [1m[36m (68.5ms)[0m  [1mCREATE TABLE "tender_winners" ("id" serial primary key, "tender_id" integer, "lot_no" integer, "selling_price" character varying(255), "created_at" timestamp NOT NULL, "updated_at" timestamp NOT NULL) [0m
  [1m[35m (0.2ms)[0m  INSERT INTO "schema_migrations" ("version") VALUES ('20130816073529')
  [1m[36m (15.5ms)[0m  [1mCOMMIT[0m
Migrating to AddIndexesViaSuggestDbIndices (20130821064755)
  [1m[35m (0.2ms)[0m  BEGIN
  [1m[36m (35.9ms)[0m  [1mCREATE INDEX "index_bids_on_tender_id" ON "bids" ("tender_id")[0m
  [1m[35m (53.7ms)[0m  CREATE INDEX "index_bids_on_customer_id" ON "bids" ("customer_id")
  [1m[36m (30.4ms)[0m  [1mCREATE INDEX "index_bids_on_stone_id" ON "bids" ("stone_id")[0m
  [1m[35m (32.0ms)[0m  CREATE INDEX "index_customers_tenders_on_tender_id" ON "customers_tenders" ("tender_id")
  [1m[36m (31.7ms)[0m  [1mCREATE INDEX "index_customers_tenders_on_customer_id" ON "customers_tenders" ("customer_id")[0m
  [1m[35m (32.2ms)[0m  CREATE INDEX "index_stones_on_tender_id" ON "stones" ("tender_id")
  [1m[36m (32.0ms)[0m  [1mCREATE INDEX "index_tender_winners_on_tender_id" ON "tender_winners" ("tender_id")[0m
  [1m[35m (32.3ms)[0m  CREATE INDEX "index_winners_on_tender_id" ON "winners" ("tender_id")
  [1m[36m (31.0ms)[0m  [1mCREATE INDEX "index_winners_on_customer_id" ON "winners" ("customer_id")[0m
  [1m[35m (53.3ms)[0m  CREATE INDEX "index_winners_on_bid_id" ON "winners" ("bid_id")
  [1m[36m (30.9ms)[0m  [1mCREATE INDEX "index_winners_on_stone_id" ON "winners" ("stone_id")[0m
  [1m[35m (0.2ms)[0m  INSERT INTO "schema_migrations" ("version") VALUES ('20130821064755')
  [1m[36m (24.2ms)[0m  [1mCOMMIT[0m
Migrating to AddNewFieldsToCustomers (20130923101656)
  [1m[35m (0.1ms)[0m  BEGIN
  [1m[36m (0.4ms)[0m  [1mALTER TABLE "customers" ADD COLUMN "company" character varying(255)[0m
  [1m[35m (0.3ms)[0m  ALTER TABLE "customers" ADD COLUMN "company_address" text
  [1m[36m (0.2ms)[0m  [1mALTER TABLE "customers" ADD COLUMN "phone_2" character varying(255)[0m
  [1m[35m (0.3ms)[0m  ALTER TABLE "customers" ADD COLUMN "mobile_no" character varying(255)
  [1m[36m (0.2ms)[0m  [1mINSERT INTO "schema_migrations" ("version") VALUES ('20130923101656')[0m
  [1m[35m (6.4ms)[0m  COMMIT
Migrating to ChangeCarat (20130926081431)
  [1m[36m (0.2ms)[0m  [1mBEGIN[0m
  [1m[35m (118.4ms)[0m  ALTER TABLE "stones" ALTER COLUMN "carat" TYPE decimal(10,5)
  [1m[36m (0.2ms)[0m  [1mINSERT INTO "schema_migrations" ("version") VALUES ('20130926081431')[0m
  [1m[35m (12.0ms)[0m  COMMIT
Migrating to AddTempDocumentToTender (20131016053707)
  [1m[36m (0.2ms)[0m  [1mBEGIN[0m
  [1m[35m (0.3ms)[0m  ALTER TABLE "tenders" ADD COLUMN "temp_document_file_name" character varying(255)
  [1m[36m (0.2ms)[0m  [1mALTER TABLE "tenders" ADD COLUMN "temp_document_content_type" character varying(255)[0m
  [1m[35m (0.2ms)[0m  ALTER TABLE "tenders" ADD COLUMN "temp_document_file_size" integer
  [1m[36m (0.2ms)[0m  [1mALTER TABLE "tenders" ADD COLUMN "temp_document_updated_at" timestamp[0m
  [1m[35m (0.2ms)[0m  INSERT INTO "schema_migrations" ("version") VALUES ('20131016053707')
  [1m[36m (6.3ms)[0m  [1mCOMMIT[0m
Migrating to CreateNotes (20131016073224)
  [1m[35m (0.1ms)[0m  BEGIN
  [1m[36m (74.2ms)[0m  [1mCREATE TABLE "notes" ("id" serial primary key, "tender_id" integer, "customer_id" integer, "key" character varying(255), "note" text, "created_at" timestamp NOT NULL, "updated_at" timestamp NOT NULL) [0m
  [1m[35m (0.2ms)[0m  INSERT INTO "schema_migrations" ("version") VALUES ('20131016073224')
  [1m[36m (11.6ms)[0m  [1mCOMMIT[0m
Migrating to CreateTempStones (20131022065214)
  [1m[35m (0.2ms)[0m  BEGIN
  [1m[36m (40.1ms)[0m  [1mCREATE TABLE "temp_stones" ("id" serial primary key, "tender_id" integer, "lot_no" integer, "description" character varying(255), "no_of_stones" integer, "carat" float, "created_at" timestamp NOT NULL, "updated_at" timestamp NOT NULL) [0m
  [1m[35m (0.2ms)[0m  INSERT INTO "schema_migrations" ("version") VALUES ('20131022065214')
  [1m[36m (11.4ms)[0m  [1mCOMMIT[0m
Migrating to CreateCompanies (20131022065245)
  [1m[35m (0.2ms)[0m  BEGIN
  [1m[36m (41.0ms)[0m  [1mCREATE TABLE "companies" ("id" serial primary key, "name" character varying(255), "created_at" timestamp NOT NULL, "updated_at" timestamp NOT NULL) [0m
  [1m[35m (0.2ms)[0m  INSERT INTO "schema_migrations" ("version") VALUES ('20131022065245')
  [1m[36m (11.1ms)[0m  [1mCOMMIT[0m
Migrating to AddCompanyToTender (20131022065309)
  [1m[35m (0.3ms)[0m  BEGIN
  [1m[36m (0.4ms)[0m  [1mALTER TABLE "tenders" ADD COLUMN "company_id" integer[0m
  [1m[35m (0.4ms)[0m  INSERT INTO "schema_migrations" ("version") VALUES ('20131022065309')
  [1m[36m (6.8ms)[0m  [1mCOMMIT[0m
Migrating to CreateRatings (20131022120955)
  [1m[35m (0.1ms)[0m  BEGIN
  [1m[36m (41.2ms)[0m  [1mCREATE TABLE "ratings" ("id" serial primary key, "tender_id" integer, "customer_id" integer, "key" character varying(255), "score" integer, "created_at" timestamp NOT NULL, "updated_at" timestamp NOT NULL) [0m
  [1m[35m (0.2ms)[0m  INSERT INTO "schema_migrations" ("version") VALUES ('20131022120955')
  [1m[36m (44.3ms)[0m  [1mCOMMIT[0m
Migrating to AddFieldsToTenderWinner (20131028112406)
  [1m[35m (0.2ms)[0m  BEGIN
  [1m[36m (41.6ms)[0m  [1mALTER TABLE "tender_winners" ADD COLUMN "description" character varying(255)[0m
  [1m[35m (0.2ms)[0m  ALTER TABLE "tender_winners" ADD COLUMN "avg_selling_price" float
  [1m[36m (0.2ms)[0m  [1mINSERT INTO "schema_migrations" ("version") VALUES ('20131028112406')[0m
  [1m[35m (10.5ms)[0m  COMMIT
Migrating to AddTypeToRating (20131029091523)
  [1m[36m (0.1ms)[0m  [1mBEGIN[0m
  [1m[35m (109.5ms)[0m  ALTER TABLE "ratings" ADD COLUMN "flag_type" character varying(255) DEFAULT 'Imp'
  [1m[36m (0.2ms)[0m  [1mINSERT INTO "schema_migrations" ("version") VALUES ('20131029091523')[0m
  [1m[35m (10.3ms)[0m  COMMIT
Migrating to AddTenderFieldFields (20131118064553)
  [1m[36m (0.2ms)[0m  [1mBEGIN[0m
  [1m[35m (0.4ms)[0m  ALTER TABLE "tenders" ADD COLUMN "deec_no_field" character varying(255)
  [1m[36m (0.4ms)[0m  [1mALTER TABLE "tenders" ADD COLUMN "lot_no_field" character varying(255)[0m
  [1m[35m (0.2ms)[0m  ALTER TABLE "tenders" ADD COLUMN "desc_field" character varying(255)
  [1m[36m (0.3ms)[0m  [1mALTER TABLE "tenders" ADD COLUMN "no_of_stones_field" character varying(255)[0m
  [1m[35m (0.2ms)[0m  ALTER TABLE "tenders" ADD COLUMN "weight_field" character varying(255)
  [1m[36m (0.2ms)[0m  [1mALTER TABLE "tenders" ADD COLUMN "sheet_no" integer[0m
  [1m[35m (0.2ms)[0m  INSERT INTO "schema_migrations" ("version") VALUES ('20131118064553')
  [1m[36m (4.3ms)[0m  [1mCOMMIT[0m
Migrating to AddWinnerListFieldsToTender (20131127060048)
  [1m[35m (0.1ms)[0m  BEGIN
  [1m[36m (0.4ms)[0m  [1mALTER TABLE "tenders" ADD COLUMN "winner_lot_no_field" character varying(255)[0m
  [1m[35m (0.2ms)[0m  ALTER TABLE "tenders" ADD COLUMN "winner_desc_field" character varying(255)
  [1m[36m (0.2ms)[0m  [1mALTER TABLE "tenders" ADD COLUMN "winner_no_of_stones_field" character varying(255)[0m
  [1m[35m (0.2ms)[0m  ALTER TABLE "tenders" ADD COLUMN "winner_weight_field" character varying(255)
  [1m[36m (0.3ms)[0m  [1mALTER TABLE "tenders" ADD COLUMN "winner_selling_price_field" character varying(255)[0m
  [1m[35m (0.3ms)[0m  ALTER TABLE "tenders" ADD COLUMN "winner_carat_selling_price_field" character varying(255)
  [1m[36m (0.3ms)[0m  [1mALTER TABLE "tenders" ADD COLUMN "winner_sheet_no" integer[0m
  [1m[35m (0.2ms)[0m  INSERT INTO "schema_migrations" ("version") VALUES ('20131127060048')
  [1m[36m (5.0ms)[0m  [1mCOMMIT[0m
Migrating to DeviseInvitableAddToCustomers (20140416133217)
  [1m[35m (0.2ms)[0m  BEGIN
  [1m[36m (0.4ms)[0m  [1mALTER TABLE "customers" ADD COLUMN "invitation_token" character varying(60)[0m
  [1m[35m (0.2ms)[0m  ALTER TABLE "customers" ADD COLUMN "invitation_sent_at" timestamp
  [1m[36m (0.2ms)[0m  [1mALTER TABLE "customers" ADD COLUMN "invitation_accepted_at" timestamp[0m
  [1m[35m (0.2ms)[0m  ALTER TABLE "customers" ADD COLUMN "invitation_limit" integer
  [1m[36m (0.2ms)[0m  [1mALTER TABLE "customers" ADD COLUMN "invited_by_id" integer[0m
  [1m[35m (0.3ms)[0m  ALTER TABLE "customers" ADD COLUMN "invited_by_type" character varying(255)
  [1m[36m (37.7ms)[0m  [1mCREATE UNIQUE INDEX "index_customers_on_invitation_token" ON "customers" ("invitation_token")[0m
  [1m[35m (30.9ms)[0m  CREATE INDEX "index_customers_on_invited_by_id" ON "customers" ("invited_by_id")
  [1m[36m (0.3ms)[0m  [1mALTER TABLE "customers" ALTER "encrypted_password" DROP NOT NULL[0m
  [1m[35m (0.2ms)[0m  INSERT INTO "schema_migrations" ("version") VALUES ('20140416133217')
  [1m[36m (9.6ms)[0m  [1mCOMMIT[0m
Migrating to CreateVersions (20140425090444)
  [1m[35m (0.4ms)[0m  BEGIN
  [1m[36m (0.2ms)[0m  [1mINSERT INTO "schema_migrations" ("version") VALUES ('20140425090444')[0m
  [1m[35m (6.5ms)[0m  COMMIT
Migrating to AddObjectChangesToVersions (20140425090445)
  [1m[36m (0.1ms)[0m  [1mBEGIN[0m
  [1m[35m (0.3ms)[0m  ALTER TABLE "versions" ADD COLUMN "object_changes" text
  [1m[36m (0.2ms)[0m  [1mINSERT INTO "schema_migrations" ("version") VALUES ('20140425090445')[0m
  [1m[35m (8.4ms)[0m  COMMIT
Migrating to AddRolesToAdmin (20150408144536)
  [1m[36m (0.1ms)[0m  [1mBEGIN[0m
  [1m[35m (0.4ms)[0m  ALTER TABLE "admins" ADD COLUMN "roles" text
  [1m[36m (0.2ms)[0m  [1mINSERT INTO "schema_migrations" ("version") VALUES ('20150408144536')[0m
  [1m[35m (7.7ms)[0m  COMMIT
Migrating to AddNameToAdmins (20150409060817)
  [1m[36m (0.1ms)[0m  [1mBEGIN[0m
  [1m[35m (0.3ms)[0m  ALTER TABLE "admins" ADD COLUMN "name" character varying(255)
  [1m[36m (0.2ms)[0m  [1mINSERT INTO "schema_migrations" ("version") VALUES ('20150409060817')[0m
  [1m[35m (6.8ms)[0m  COMMIT
Migrating to AddStoneFieldToNotes (20150410050718)
  [1m[36m (0.2ms)[0m  [1mBEGIN[0m
  [1m[35m (0.3ms)[0m  ALTER TABLE "notes" ADD COLUMN "stone_id" integer
  [1m[36m (0.3ms)[0m  [1mALTER TABLE "notes" ADD COLUMN "deec_no" character varying(255)[0m
  [1m[35m (0.2ms)[0m  INSERT INTO "schema_migrations" ("version") VALUES ('20150410050718')
  [1m[36m (4.6ms)[0m  [1mCOMMIT[0m
Migrating to AddCompanyDetailsToCompany (20150424065103)
  [1m[35m (0.1ms)[0m  BEGIN
  [1m[36m (30.5ms)[0m  [1mALTER TABLE "companies" ADD COLUMN "address" character varying(255)[0m
  [1m[35m (0.3ms)[0m  ALTER TABLE "companies" ADD COLUMN "country" character varying(255)
  [1m[36m (0.3ms)[0m  [1mALTER TABLE "companies" ADD COLUMN "email" character varying(255)[0m
  [1m[35m (0.2ms)[0m  ALTER TABLE "companies" ADD COLUMN "registration_vat_no" integer
  [1m[36m (0.3ms)[0m  [1mALTER TABLE "companies" ADD COLUMN "registration_no" character varying(255)[0m
  [1m[35m (0.3ms)[0m  ALTER TABLE "companies" ADD COLUMN "fax" integer
  [1m[36m (0.2ms)[0m  [1mALTER TABLE "companies" ADD COLUMN "telephone" integer[0m
  [1m[35m (0.2ms)[0m  ALTER TABLE "companies" ADD COLUMN "mobile" integer
  [1m[36m (0.2ms)[0m  [1mINSERT INTO "schema_migrations" ("version") VALUES ('20150424065103')[0m
  [1m[35m (56.0ms)[0m  COMMIT
Migrating to AddReferenceToTenders (20150424073522)
  [1m[36m (0.2ms)[0m  [1mBEGIN[0m
  [1m[35m (0.4ms)[0m  ALTER TABLE "tenders" ADD COLUMN "reference" integer
  [1m[36m (0.2ms)[0m  [1mINSERT INTO "schema_migrations" ("version") VALUES ('20150424073522')[0m
  [1m[35m (6.6ms)[0m  COMMIT
Migrating to ChangeReferenceToReferenceIdTenders (20150427113154)
  [1m[36m (0.1ms)[0m  [1mBEGIN[0m
  [1m[35m (0.2ms)[0m  ALTER TABLE "tenders" RENAME COLUMN "reference" TO "reference_id"
  [1m[36m (0.2ms)[0m  [1mINSERT INTO "schema_migrations" ("version") VALUES ('20150427113154')[0m
  [1m[35m (5.4ms)[0m  COMMIT
Migrating to CreateContactPeople (20150427121515)
  [1m[36m (0.1ms)[0m  [1mBEGIN[0m
  [1m[35m (65.2ms)[0m  CREATE TABLE "contact_people" ("id" serial primary key, "name" character varying(255) NOT NULL, "designation" character varying(255) NOT NULL, "company_id" integer, "telephone" character varying(255), "mobile" integer, "passport_no" character varying(255), "pio_card" character varying(255), "created_at" timestamp NOT NULL, "updated_at" timestamp NOT NULL) 
  [1m[36m (0.2ms)[0m  [1mINSERT INTO "schema_migrations" ("version") VALUES ('20150427121515')[0m
  [1m[35m (9.4ms)[0m  COMMIT
Migrating to ChangeFaxTypeCompany (20150428045943)
  [1m[36m (0.3ms)[0m  [1mBEGIN[0m
  [1m[35m (54.3ms)[0m  ALTER TABLE "companies" ALTER COLUMN "fax" TYPE character varying(255)
  [1m[36m (53.8ms)[0m  [1mALTER TABLE "companies" ALTER COLUMN "telephone" TYPE character varying(255)[0m
  [1m[35m (0.2ms)[0m  INSERT INTO "schema_migrations" ("version") VALUES ('20150428045943')
  [1m[36m (8.7ms)[0m  [1mCOMMIT[0m
  [1m[35m (0.2ms)[0m  SELECT "schema_migrations"."version" FROM "schema_migrations" 
Connecting to database specified by database.yml
  [1m[36m (0.4ms)[0m  [1mSELECT "schema_migrations"."version" FROM "schema_migrations" [0m
Connecting to database specified by database.yml


Started GET "/" for 127.0.0.1 at 2017-07-03 12:00:28 +0530
Processing by TendersController#index as HTML
Redirected to http://localhost:3000/login
Filter chain halted as :authenticate_logged_in_user! rendered or redirected
Completed 302 Found in 2ms (ActiveRecord: 0.0ms)


Started GET "/login" for 127.0.0.1 at 2017-07-03 12:00:29 +0530
Processing by HomeController#login as HTML
  Rendered home/login.html.erb within layouts/application (1543.1ms)
Completed 200 OK in 2167ms (Views: 2159.3ms | ActiveRecord: 6.8ms)
Connecting to database specified by database.yml


Started GET "/" for 127.0.0.1 at 2017-07-04 16:39:15 +0530
Processing by TendersController#index as HTML
Redirected to http://localhost:3000/login
Filter chain halted as :authenticate_logged_in_user! rendered or redirected
Completed 302 Found in 2ms (ActiveRecord: 0.0ms)


Started GET "/login" for 127.0.0.1 at 2017-07-04 16:39:15 +0530
Processing by HomeController#login as HTML
  Rendered home/login.html.erb within layouts/application (3325.3ms)
Completed 200 OK in 3832ms (Views: 2791.9ms | ActiveRecord: 1039.1ms)


Started POST "/customers/sign_in" for 127.0.0.1 at 2017-07-04 16:39:54 +0530
Processing by SessionsController#create as */*
  Parameters: {"utf8"=>"✓", "authenticity_token"=>"/IlSERIzjDBcRwK7Y6y2I2fQQPXgfjuFcc4RsnKV6dI=", "customer"=>{"email"=>"", "password"=>"[FILTERED]"}, "admin"=>{"email"=>"", "password"=>"[FILTERED]"}}
  [1m[36mCustomer Load (108.5ms)[0m  [1mSELECT "customers".* FROM "customers" WHERE "customers"."email" = '' AND "customers"."status" = 't' ORDER BY first_name asc, last_name asc LIMIT 1[0m
  [1m[35mAdmin Load (130.9ms)[0m  SELECT "admins".* FROM "admins" WHERE "admins"."email" = '' LIMIT 1
Completed 401 Unauthorized in 321ms


Started POST "/customers/sign_in" for 127.0.0.1 at 2017-07-04 16:39:56 +0530
Processing by SessionsController#create as */*
  Parameters: {"utf8"=>"✓", "authenticity_token"=>"/IlSERIzjDBcRwK7Y6y2I2fQQPXgfjuFcc4RsnKV6dI=", "customer"=>{"email"=>"", "password"=>"[FILTERED]"}, "admin"=>{"email"=>"", "password"=>"[FILTERED]"}}
  [1m[36mCustomer Load (0.7ms)[0m  [1mSELECT "customers".* FROM "customers" WHERE "customers"."email" = '' AND "customers"."status" = 't' ORDER BY first_name asc, last_name asc LIMIT 1[0m
  [1m[35mAdmin Load (0.4ms)[0m  SELECT "admins".* FROM "admins" WHERE "admins"."email" = '' LIMIT 1
Completed 401 Unauthorized in 4ms


Started POST "/customers/sign_in" for 127.0.0.1 at 2017-07-04 16:40:10 +0530
Processing by SessionsController#create as */*
  Parameters: {"utf8"=>"✓", "authenticity_token"=>"/IlSERIzjDBcRwK7Y6y2I2fQQPXgfjuFcc4RsnKV6dI=", "customer"=>{"email"=>"admin@admin.com", "password"=>"[FILTERED]"}, "admin"=>{"email"=>"admin@admin.com", "password"=>"[FILTERED]"}}
  [1m[36mCustomer Load (0.6ms)[0m  [1mSELECT "customers".* FROM "customers" WHERE "customers"."email" = 'admin@admin.com' AND "customers"."status" = 't' ORDER BY first_name asc, last_name asc LIMIT 1[0m
  [1m[35mAdmin Load (0.3ms)[0m  SELECT "admins".* FROM "admins" WHERE "admins"."email" = 'admin@admin.com' LIMIT 1
  [1m[36mCACHE (0.0ms)[0m  [1mSELECT "admins".* FROM "admins" WHERE "admins"."email" = 'admin@admin.com' LIMIT 1[0m
Completed 401 Unauthorized in 22ms


Started GET "/admins/sign_up" for 127.0.0.1 at 2017-07-04 16:40:50 +0530
Processing by Devise::RegistrationsController#new as HTML
  Rendered admins/shared/_links.erb (1.8ms)
  Rendered admins/registrations/new.html.erb within layouts/application (67.8ms)
Completed 200 OK in 191ms (Views: 172.9ms | ActiveRecord: 0.0ms)


Started POST "/admins" for 127.0.0.1 at 2017-07-04 16:41:32 +0530
Processing by Devise::RegistrationsController#create as HTML
  Parameters: {"utf8"=>"✓", "authenticity_token"=>"/IlSERIzjDBcRwK7Y6y2I2fQQPXgfjuFcc4RsnKV6dI=", "admin"=>{"email"=>"admin@example.com", "password"=>"[FILTERED]", "password_confirmation"=>"[FILTERED]"}, "commit"=>"Sign up"}
  [1m[35m (44.2ms)[0m  BEGIN
  [1m[36mAdmin Exists (0.4ms)[0m  [1mSELECT 1 AS one FROM "admins" WHERE "admins"."email" = 'admin@example.com' LIMIT 1[0m
  [1m[35mSQL (48.7ms)[0m  INSERT INTO "admins" ("created_at", "current_sign_in_at", "current_sign_in_ip", "email", "encrypted_password", "last_sign_in_at", "last_sign_in_ip", "name", "remember_created_at", "reset_password_sent_at", "reset_password_token", "roles", "sign_in_count", "updated_at") VALUES ($1, $2, $3, $4, $5, $6, $7, $8, $9, $10, $11, $12, $13, $14) RETURNING "id"  [["created_at", Tue, 04 Jul 2017 16:41:33 IST +05:30], ["current_sign_in_at", nil], ["current_sign_in_ip", nil], ["email", "admin@example.com"], ["encrypted_password", "$2a$10$C7nO0iaYhkid4oaSBqDfDu9sL..7/zv8ZdROsrOdjZty3g3nvi78O"], ["last_sign_in_at", nil], ["last_sign_in_ip", nil], ["name", nil], ["remember_created_at", nil], ["reset_password_sent_at", nil], ["reset_password_token", nil], ["roles", nil], ["sign_in_count", 0], ["updated_at", Tue, 04 Jul 2017 16:41:33 IST +05:30]]
  [1m[36m (12.6ms)[0m  [1mCOMMIT[0m
  [1m[35m (0.1ms)[0m  BEGIN
  [1m[36m (0.4ms)[0m  [1mUPDATE "admins" SET "last_sign_in_at" = '2017-07-04 11:11:33.304472', "current_sign_in_at" = '2017-07-04 11:11:33.304472', "last_sign_in_ip" = '127.0.0.1', "current_sign_in_ip" = '127.0.0.1', "sign_in_count" = 1, "updated_at" = '2017-07-04 11:11:33.305469' WHERE "admins"."id" = 1[0m
  [1m[35m (6.9ms)[0m  COMMIT
Redirected to http://localhost:3000/admins
Completed 302 Found in 404ms (ActiveRecord: 0.0ms)


Started GET "/admins" for 127.0.0.1 at 2017-07-04 16:41:33 +0530
Processing by RailsAdmin::MainController#dashboard as HTML
  [1m[36mAdmin Load (0.4ms)[0m  [1mSELECT "admins".* FROM "admins" WHERE "admins"."id" = 1 LIMIT 1[0m
  Rendered /home/ongraph/.rbenv/versions/2.0.0-p481/lib/ruby/gems/2.0.0/gems/rails_admin-0.4.8/app/views/rails_admin/main/dashboard.html.haml within layouts/rails_admin/application (4.3ms)
  Rendered layouts/rails_admin/_secondary_navigation.html.haml (5.3ms)
  Rendered /home/ongraph/.rbenv/versions/2.0.0-p481/lib/ruby/gems/2.0.0/gems/rails_admin-0.4.8/app/views/layouts/rails_admin/pjax.html.haml (4.6ms)
Completed 200 OK in 6815ms (Views: 6496.9ms | ActiveRecord: 59.0ms)


Started DELETE "/admins/sign_out" for 127.0.0.1 at 2017-07-04 16:54:01 +0530
Processing by SessionsController#destroy as HTML
  Parameters: {"authenticity_token"=>"/IlSERIzjDBcRwK7Y6y2I2fQQPXgfjuFcc4RsnKV6dI="}
  [1m[35mAdmin Load (0.6ms)[0m  SELECT "admins".* FROM "admins" WHERE "admins"."id" = 1 LIMIT 1
  [1m[36m (0.2ms)[0m  [1mBEGIN[0m
  [1m[35m (0.1ms)[0m  COMMIT
Redirected to http://localhost:3000/
Completed 302 Found in 82ms (ActiveRecord: 0.9ms)


Started DELETE "/admins/sign_out" for 127.0.0.1 at 2017-07-04 16:54:01 +0530
Processing by SessionsController#destroy as HTML
  Parameters: {"authenticity_token"=>"/IlSERIzjDBcRwK7Y6y2I2fQQPXgfjuFcc4RsnKV6dI="}
  [1m[36mAdmin Load (0.4ms)[0m  [1mSELECT "admins".* FROM "admins" WHERE "admins"."id" = 1 LIMIT 1[0m
  [1m[35m (0.1ms)[0m  BEGIN
  [1m[36m (0.1ms)[0m  [1mCOMMIT[0m
Redirected to http://localhost:3000/
Completed 302 Found in 3ms (ActiveRecord: 0.5ms)


Started GET "/" for 127.0.0.1 at 2017-07-04 16:54:01 +0530
Processing by TendersController#index as HTML
Redirected to http://localhost:3000/login
Filter chain halted as :authenticate_logged_in_user! rendered or redirected
Completed 302 Found in 1ms (ActiveRecord: 0.0ms)


Started GET "/login" for 127.0.0.1 at 2017-07-04 16:54:01 +0530
Processing by HomeController#login as HTML
  [1m[35mCustomer Load (0.5ms)[0m  SELECT "customers".* FROM "customers" WHERE "customers"."email" = 'admin@example.com' ORDER BY first_name asc, last_name asc LIMIT 1
  [1m[36mAdmin Load (0.4ms)[0m  [1mSELECT "admins".* FROM "admins" WHERE "admins"."email" = 'admin@example.com' LIMIT 1[0m
  Rendered home/login.html.erb within layouts/application (78.2ms)
Completed 200 OK in 151ms (Views: 146.5ms | ActiveRecord: 0.9ms)


Started POST "/customers/sign_in" for 127.0.0.1 at 2017-07-04 16:54:07 +0530
Processing by SessionsController#create as */*
  Parameters: {"utf8"=>"✓", "authenticity_token"=>"gFqyUjKrdIe5XpuiXYR7PagYakBm1N8bKQ3lvaDSfC4=", "customer"=>{"email"=>"admin@example.com", "password"=>"[FILTERED]"}, "admin"=>{"email"=>"admin@example.com", "password"=>"[FILTERED]"}}
  [1m[35mCustomer Load (0.7ms)[0m  SELECT "customers".* FROM "customers" WHERE "customers"."email" = 'admin@example.com' AND "customers"."status" = 't' ORDER BY first_name asc, last_name asc LIMIT 1
  [1m[36mAdmin Load (0.4ms)[0m  [1mSELECT "admins".* FROM "admins" WHERE "admins"."email" = 'admin@example.com' LIMIT 1[0m
  [1m[35mCACHE (0.0ms)[0m  SELECT "admins".* FROM "admins" WHERE "admins"."email" = 'admin@example.com' LIMIT 1
  [1m[36m (0.2ms)[0m  [1mBEGIN[0m
  [1m[35m (0.4ms)[0m  UPDATE "admins" SET "current_sign_in_at" = '2017-07-04 11:24:07.618354', "sign_in_count" = 2, "updated_at" = '2017-07-04 11:24:07.620677' WHERE "admins"."id" = 1
  [1m[36m (29.1ms)[0m  [1mCOMMIT[0m
  Rendered text template (0.0ms)
Completed 200 OK in 168ms (Views: 13.8ms | ActiveRecord: 30.8ms)


Started GET "/admins" for 127.0.0.1 at 2017-07-04 16:54:07 +0530
Processing by RailsAdmin::MainController#dashboard as HTML
  [1m[35mAdmin Load (0.5ms)[0m  SELECT "admins".* FROM "admins" WHERE "admins"."id" = 1 LIMIT 1
  Rendered /home/ongraph/.rbenv/versions/2.0.0-p481/lib/ruby/gems/2.0.0/gems/rails_admin-0.4.8/app/views/rails_admin/main/dashboard.html.haml within layouts/rails_admin/application (0.5ms)
  Rendered layouts/rails_admin/_secondary_navigation.html.haml (1.6ms)
  Rendered /home/ongraph/.rbenv/versions/2.0.0-p481/lib/ruby/gems/2.0.0/gems/rails_admin-0.4.8/app/views/layouts/rails_admin/pjax.html.haml (1.6ms)
Completed 200 OK in 79ms (Views: 73.8ms | ActiveRecord: 0.5ms)


Started DELETE "/admins/sign_out" for 127.0.0.1 at 2017-07-04 16:54:10 +0530
Processing by SessionsController#destroy as HTML
  Parameters: {"authenticity_token"=>"gFqyUjKrdIe5XpuiXYR7PagYakBm1N8bKQ3lvaDSfC4="}
  [1m[36mAdmin Load (0.5ms)[0m  [1mSELECT "admins".* FROM "admins" WHERE "admins"."id" = 1 LIMIT 1[0m
  [1m[35m (0.1ms)[0m  BEGIN
  [1m[36m (0.1ms)[0m  [1mCOMMIT[0m
Redirected to http://localhost:3000/
Completed 302 Found in 5ms (ActiveRecord: 0.8ms)


Started DELETE "/admins/sign_out" for 127.0.0.1 at 2017-07-04 16:54:10 +0530
Processing by SessionsController#destroy as HTML
  Parameters: {"authenticity_token"=>"gFqyUjKrdIe5XpuiXYR7PagYakBm1N8bKQ3lvaDSfC4="}
  [1m[35mAdmin Load (0.6ms)[0m  SELECT "admins".* FROM "admins" WHERE "admins"."id" = 1 LIMIT 1
  [1m[36m (0.1ms)[0m  [1mBEGIN[0m
  [1m[35m (0.1ms)[0m  COMMIT
Redirected to http://localhost:3000/
Completed 302 Found in 5ms (ActiveRecord: 0.9ms)


Started GET "/" for 127.0.0.1 at 2017-07-04 16:54:11 +0530
Processing by TendersController#index as HTML
Redirected to http://localhost:3000/login
Filter chain halted as :authenticate_logged_in_user! rendered or redirected
Completed 302 Found in 1ms (ActiveRecord: 0.0ms)


Started GET "/login" for 127.0.0.1 at 2017-07-04 16:54:11 +0530
Processing by HomeController#login as HTML
  [1m[36mCustomer Load (0.8ms)[0m  [1mSELECT "customers".* FROM "customers" WHERE "customers"."email" = 'admin@example.com' ORDER BY first_name asc, last_name asc LIMIT 1[0m
  [1m[35mAdmin Load (0.6ms)[0m  SELECT "admins".* FROM "admins" WHERE "admins"."email" = 'admin@example.com' LIMIT 1
  Rendered home/login.html.erb within layouts/application (91.0ms)
Completed 200 OK in 135ms (Views: 114.6ms | ActiveRecord: 1.5ms)


Started POST "/customers/sign_in" for 127.0.0.1 at 2017-07-04 16:54:38 +0530
Processing by SessionsController#create as */*
  Parameters: {"utf8"=>"✓", "authenticity_token"=>"iD1J0oJITvARXU32lMfLew1Q5zA0+121dVfRfSg4PhI=", "customer"=>{"email"=>"admin@example.com", "password"=>"[FILTERED]"}, "admin"=>{"email"=>"admin@example.com", "password"=>"[FILTERED]"}}
  [1m[36mCustomer Load (0.5ms)[0m  [1mSELECT "customers".* FROM "customers" WHERE "customers"."email" = 'admin@example.com' AND "customers"."status" = 't' ORDER BY first_name asc, last_name asc LIMIT 1[0m
  [1m[35mAdmin Load (0.4ms)[0m  SELECT "admins".* FROM "admins" WHERE "admins"."email" = 'admin@example.com' LIMIT 1
  [1m[36mCACHE (0.0ms)[0m  [1mSELECT "admins".* FROM "admins" WHERE "admins"."email" = 'admin@example.com' LIMIT 1[0m
  [1m[35m (0.1ms)[0m  BEGIN
  [1m[36m (0.4ms)[0m  [1mUPDATE "admins" SET "last_sign_in_at" = '2017-07-04 11:24:07.618354', "current_sign_in_at" = '2017-07-04 11:24:38.682693', "sign_in_count" = 3, "updated_at" = '2017-07-04 11:24:38.684077' WHERE "admins"."id" = 1[0m
  [1m[35m (22.5ms)[0m  COMMIT
  Rendered text template (0.0ms)
Completed 200 OK in 145ms (Views: 0.5ms | ActiveRecord: 24.0ms)


Started GET "/admins" for 127.0.0.1 at 2017-07-04 16:54:38 +0530
Processing by RailsAdmin::MainController#dashboard as HTML
  [1m[36mAdmin Load (1.3ms)[0m  [1mSELECT "admins".* FROM "admins" WHERE "admins"."id" = 1 LIMIT 1[0m
  Rendered /home/ongraph/.rbenv/versions/2.0.0-p481/lib/ruby/gems/2.0.0/gems/rails_admin-0.4.8/app/views/rails_admin/main/dashboard.html.haml within layouts/rails_admin/application (0.3ms)
  Rendered layouts/rails_admin/_secondary_navigation.html.haml (1.6ms)
  Rendered /home/ongraph/.rbenv/versions/2.0.0-p481/lib/ruby/gems/2.0.0/gems/rails_admin-0.4.8/app/views/layouts/rails_admin/pjax.html.haml (1.7ms)
Completed 200 OK in 80ms (Views: 74.9ms | ActiveRecord: 1.3ms)


Started DELETE "/admins/sign_out" for 127.0.0.1 at 2017-07-04 17:51:32 +0530
Processing by SessionsController#destroy as HTML
  Parameters: {"authenticity_token"=>"iD1J0oJITvARXU32lMfLew1Q5zA0+121dVfRfSg4PhI="}
  [1m[35mAdmin Load (101.9ms)[0m  SELECT "admins".* FROM "admins" WHERE "admins"."id" = 1 LIMIT 1
  [1m[36m (0.5ms)[0m  [1mBEGIN[0m
  [1m[35m (0.1ms)[0m  COMMIT
Redirected to http://localhost:3000/
Completed 302 Found in 107ms (ActiveRecord: 102.5ms)


Started DELETE "/admins/sign_out" for 127.0.0.1 at 2017-07-04 17:51:33 +0530
Processing by SessionsController#destroy as HTML
  Parameters: {"authenticity_token"=>"iD1J0oJITvARXU32lMfLew1Q5zA0+121dVfRfSg4PhI="}
  [1m[36mAdmin Load (0.4ms)[0m  [1mSELECT "admins".* FROM "admins" WHERE "admins"."id" = 1 LIMIT 1[0m
  [1m[35m (0.1ms)[0m  BEGIN
  [1m[36m (0.1ms)[0m  [1mCOMMIT[0m
Redirected to http://localhost:3000/
Completed 302 Found in 3ms (ActiveRecord: 0.6ms)


Started GET "/" for 127.0.0.1 at 2017-07-04 17:51:33 +0530
Processing by TendersController#index as HTML
Redirected to http://localhost:3000/login
Filter chain halted as :authenticate_logged_in_user! rendered or redirected
Completed 302 Found in 1ms (ActiveRecord: 0.0ms)


Started GET "/login" for 127.0.0.1 at 2017-07-04 17:51:33 +0530
Processing by HomeController#login as HTML
  [1m[35mCustomer Load (25.0ms)[0m  SELECT "customers".* FROM "customers" WHERE "customers"."email" = 'admin@example.com' ORDER BY first_name asc, last_name asc LIMIT 1
  [1m[36mAdmin Load (0.3ms)[0m  [1mSELECT "admins".* FROM "admins" WHERE "admins"."email" = 'admin@example.com' LIMIT 1[0m
  Rendered home/login.html.erb within layouts/application (777.4ms)
Completed 200 OK in 1018ms (Views: 990.1ms | ActiveRecord: 25.3ms)
